<?xml version="1.0" encoding="UTF-8"?>
<!-- Generated by org.testng.reporters.JUnitReportReporter -->
<testsuite hostname="mahesh-PC" name="com.testNG.Practice.ParallelTest2" tests="3" failures="0" timestamp="13 Jul 2016 08:56:58 GMT" time="0.018" errors="0">
  <testcase name="test4" time="0.014" classname="com.testNG.Practice.ParallelTest2"/>
  <testcase name="test5" time="0.002" classname="com.testNG.Practice.ParallelTest2"/>
  <testcase name="test6" time="0.002" classname="com.testNG.Practice.ParallelTest2"/>
</testsuite> <!-- com.testNG.Practice.ParallelTest2 -->
