<?xml version="1.0" encoding="UTF-8"?>
<!-- Generated by org.testng.reporters.JUnitXMLReporter -->
<testsuite hostname="mahesh-PC" name="Test-class Suite" tests="6" failures="0" timestamp="13 Jul 2016 08:56:58 GMT" time="0.056" errors="0">
  <testcase name="test4" time="0.014" classname="com.testNG.Practice.ParallelTest2"/>
  <testcase name="test1" time="0.014" classname="com.testNG.Practice.ParallelTest1"/>
  <testcase name="test5" time="0.002" classname="com.testNG.Practice.ParallelTest2"/>
  <testcase name="test2" time="0.002" classname="com.testNG.Practice.ParallelTest1"/>
  <testcase name="test3" time="0.001" classname="com.testNG.Practice.ParallelTest1"/>
  <testcase name="test6" time="0.002" classname="com.testNG.Practice.ParallelTest2"/>
</testsuite> <!-- Test-class Suite -->
